<?xml version="1.0" encoding="UTF-8"?>
<!-- Generated by org.testng.reporters.JUnitReportReporter -->
<testsuite hostname="L-MAA-00441205" name="ingrec.SerDe" tests="1" failures="0" timestamp="12 May 2015 15:10:52 GMT" time="0.010" errors="0">
  <testcase name="serialiseMyData" time="0.010" classname="ingrec.SerDe"/>
</testsuite> <!-- ingrec.SerDe -->
